<?xml version="1.0" encoding="UTF-8"?>
<testsuite xmlns:xsi="http://www.w3.org/2001/XMLSchema-instance" xsi:noNamespaceSchemaLocation="https://maven.apache.org/surefire/maven-surefire-plugin/xsd/surefire-test-report.xsd" name="vendingmachine.CreditTest" time="0.078" tests="3" errors="0" skipped="0" failures="0">
  <properties>
[...]
</properties>
  <testcase name="testAdd" classname="vendingmachine.CreditTest" time="0.008"/>
  <testcase name="subCredit" classname="vendingmachine.CreditTest" time="0"/>
  <testcase name="subCreditGood" classname="vendingmachine.CreditTest" time="0"/>
</testsuite>